INFO - 2023-07-18 08:24:58 --> Session: Class initialized using 'CodeIgniter\Session\Handlers\FileHandler' driver.
INFO - 2023-07-18 08:29:31 --> Session: Class initialized using 'CodeIgniter\Session\Handlers\FileHandler' driver.
ERROR - 2023-07-18 08:41:34 --> mysqli_sql_exception: Duplicate entry 'ag@gmail.com' for key 'PRIMARY' in C:\xampp\htdocs\sms\system\Database\MySQLi\Connection.php:295
Stack trace:
#0 C:\xampp\htdocs\sms\system\Database\MySQLi\Connection.php(295): mysqli->query('INSERT INTO `te...', 0)
#1 C:\xampp\htdocs\sms\system\Database\BaseConnection.php(692): CodeIgniter\Database\MySQLi\Connection->execute('INSERT INTO `te...')
#2 C:\xampp\htdocs\sms\system\Database\BaseConnection.php(606): CodeIgniter\Database\BaseConnection->simpleQuery('INSERT INTO `te...')
#3 C:\xampp\htdocs\sms\system\Database\BaseBuilder.php(1801): CodeIgniter\Database\BaseConnection->query('INSERT INTO `te...', NULL, false)
#4 C:\xampp\htdocs\sms\system\Database\BaseBuilder.php(2192): CodeIgniter\Database\BaseBuilder->batchExecute('_insertBatch', 100)
#5 C:\xampp\htdocs\sms\system\Model.php(364): CodeIgniter\Database\BaseBuilder->insertBatch(Array, NULL, 100)
#6 C:\xampp\htdocs\sms\system\BaseModel.php(874): CodeIgniter\Model->doInsertBatch(Array, NULL, 100, false)
#7 C:\xampp\htdocs\sms\app\Controllers\AdminDashboardController.php(227): CodeIgniter\BaseModel->insertBatch(Array)
#8 C:\xampp\htdocs\sms\system\CodeIgniter.php(932): App\Controllers\AdminDashboardController->teacherImport()
#9 C:\xampp\htdocs\sms\system\CodeIgniter.php(497): CodeIgniter\CodeIgniter->runController(Object(App\Controllers\AdminDashboardController))
#10 C:\xampp\htdocs\sms\system\CodeIgniter.php(366): CodeIgniter\CodeIgniter->handleRequest(NULL, Object(Config\Cache), false)
#11 C:\xampp\htdocs\sms\index.php(67): CodeIgniter\CodeIgniter->run()
#12 {main}
CRITICAL - 2023-07-18 08:41:34 --> Duplicate entry 'ag@gmail.com' for key 'PRIMARY'
in SYSTEMPATH\Database\MySQLi\Connection.php on line 295.
 1 SYSTEMPATH\Database\MySQLi\Connection.php(295): mysqli->query('INSERT INTO `teachers` (`course`, `email`, `first_name`, `last_name`)
VALUES (\'phy\\r\',\'ag@gmail.com\',\'a\',\'g\'), (\'phy\\r\',\'bh@gmail.com\',\'b\',\'h\'), (\'phy\\r\',\'ci@gmail.com\',\'c\',\'i\'), (\'phy\\r\',\'dj@gmail.com\',\'d\',\'j\'), (\'phy\\r\',\'ek@gmail.com\',\'e\',\'k\'), (\'phy\\r\',\'fl@gmail.com\',\'f\',\'l\')', 0)
 2 SYSTEMPATH\Database\BaseConnection.php(692): CodeIgniter\Database\MySQLi\Connection->execute('INSERT INTO `teachers` (`course`, `email`, `first_name`, `last_name`)
VALUES (\'phy\\r\',\'ag@gmail.com\',\'a\',\'g\'), (\'phy\\r\',\'bh@gmail.com\',\'b\',\'h\'), (\'phy\\r\',\'ci@gmail.com\',\'c\',\'i\'), (\'phy\\r\',\'dj@gmail.com\',\'d\',\'j\'), (\'phy\\r\',\'ek@gmail.com\',\'e\',\'k\'), (\'phy\\r\',\'fl@gmail.com\',\'f\',\'l\')')
 3 SYSTEMPATH\Database\BaseConnection.php(606): CodeIgniter\Database\BaseConnection->simpleQuery('INSERT INTO `teachers` (`course`, `email`, `first_name`, `last_name`)
VALUES (\'phy\\r\',\'ag@gmail.com\',\'a\',\'g\'), (\'phy\\r\',\'bh@gmail.com\',\'b\',\'h\'), (\'phy\\r\',\'ci@gmail.com\',\'c\',\'i\'), (\'phy\\r\',\'dj@gmail.com\',\'d\',\'j\'), (\'phy\\r\',\'ek@gmail.com\',\'e\',\'k\'), (\'phy\\r\',\'fl@gmail.com\',\'f\',\'l\')')
 4 SYSTEMPATH\Database\BaseBuilder.php(1801): CodeIgniter\Database\BaseConnection->query('INSERT INTO `teachers` (`course`, `email`, `first_name`, `last_name`)
VALUES (\'phy\\r\',\'ag@gmail.com\',\'a\',\'g\'), (\'phy\\r\',\'bh@gmail.com\',\'b\',\'h\'), (\'phy\\r\',\'ci@gmail.com\',\'c\',\'i\'), (\'phy\\r\',\'dj@gmail.com\',\'d\',\'j\'), (\'phy\\r\',\'ek@gmail.com\',\'e\',\'k\'), (\'phy\\r\',\'fl@gmail.com\',\'f\',\'l\')', null, false)
 5 SYSTEMPATH\Database\BaseBuilder.php(2192): CodeIgniter\Database\BaseBuilder->batchExecute('_insertBatch', 100)
 6 SYSTEMPATH\Model.php(364): CodeIgniter\Database\BaseBuilder->insertBatch([...], null, 100)
 7 SYSTEMPATH\BaseModel.php(874): CodeIgniter\Model->doInsertBatch([...], null, 100, false)
 8 APPPATH\Controllers\AdminDashboardController.php(227): CodeIgniter\BaseModel->insertBatch([...])
 9 SYSTEMPATH\CodeIgniter.php(932): App\Controllers\AdminDashboardController->teacherImport()
10 SYSTEMPATH\CodeIgniter.php(497): CodeIgniter\CodeIgniter->runController(Object(App\Controllers\AdminDashboardController))
11 SYSTEMPATH\CodeIgniter.php(366): CodeIgniter\CodeIgniter->handleRequest(null, Object(Config\Cache), false)
12 FCPATH\index.php(67): CodeIgniter\CodeIgniter->run()
CRITICAL - 2023-07-18 08:57:18 --> Call to undefined method App\Models\TeacherModel::searchTeachers
in SYSTEMPATH\Model.php on line 838.
 1 APPPATH\Controllers\AdminDashboardController.php(57): CodeIgniter\Model->__call('searchTeachers', [...])
 2 SYSTEMPATH\CodeIgniter.php(932): App\Controllers\AdminDashboardController->searchTeacher()
 3 SYSTEMPATH\CodeIgniter.php(497): CodeIgniter\CodeIgniter->runController(Object(App\Controllers\AdminDashboardController))
 4 SYSTEMPATH\CodeIgniter.php(366): CodeIgniter\CodeIgniter->handleRequest(null, Object(Config\Cache), false)
 5 FCPATH\index.php(67): CodeIgniter\CodeIgniter->run()
CRITICAL - 2023-07-18 09:09:29 --> Undefined variable $student
in APPPATH\Views\admin\search_results_teacher.php on line 41.
 1 APPPATH\Views\admin\search_results_teacher.php(41): CodeIgniter\Debug\Exceptions->errorHandler(2, 'Undefined variable $student', 'C:\\xampp\\htdocs\\sms\\app\\Views\\admin\\search_results_teacher.php', 41)
 2 SYSTEMPATH\View\View.php(224): include('C:\\xampp\\htdocs\\sms\\app\\Views\\admin\\search_results_teacher.php')
 3 SYSTEMPATH\View\View.php(227): CodeIgniter\View\View->CodeIgniter\View\{closure}()
 4 SYSTEMPATH\Common.php(1180): CodeIgniter\View\View->render('admin/search_results_teacher', [], true)
 5 APPPATH\Controllers\AdminDashboardController.php(66): view('admin/search_results_teacher', [...])
 6 SYSTEMPATH\CodeIgniter.php(932): App\Controllers\AdminDashboardController->searchTeacher()
 7 SYSTEMPATH\CodeIgniter.php(497): CodeIgniter\CodeIgniter->runController(Object(App\Controllers\AdminDashboardController))
 8 SYSTEMPATH\CodeIgniter.php(366): CodeIgniter\CodeIgniter->handleRequest(null, Object(Config\Cache), false)
 9 FCPATH\index.php(67): CodeIgniter\CodeIgniter->run()
CRITICAL - 2023-07-18 09:15:24 --> Undefined variable $email
in APPPATH\Controllers\AdminDashboardController.php on line 136.
 1 APPPATH\Controllers\AdminDashboardController.php(136): CodeIgniter\Debug\Exceptions->errorHandler(2, 'Undefined variable $email', 'C:\\xampp\\htdocs\\sms\\app\\Controllers\\AdminDashboardController.php', 136)
 2 SYSTEMPATH\CodeIgniter.php(932): App\Controllers\AdminDashboardController->deleteTeacher('ag@gmail.com')
 3 SYSTEMPATH\CodeIgniter.php(497): CodeIgniter\CodeIgniter->runController(Object(App\Controllers\AdminDashboardController))
 4 SYSTEMPATH\CodeIgniter.php(366): CodeIgniter\CodeIgniter->handleRequest(null, Object(Config\Cache), false)
 5 FCPATH\index.php(67): CodeIgniter\CodeIgniter->run()
CRITICAL - 2023-07-18 09:17:12 --> Call to undefined method App\Models\TeacherModel::deleteTeacher
in SYSTEMPATH\Model.php on line 838.
 1 APPPATH\Controllers\AdminDashboardController.php(136): CodeIgniter\Model->__call('deleteTeacher', [...])
 2 SYSTEMPATH\CodeIgniter.php(932): App\Controllers\AdminDashboardController->deleteTeacher('ag@gmail.com')
 3 SYSTEMPATH\CodeIgniter.php(497): CodeIgniter\CodeIgniter->runController(Object(App\Controllers\AdminDashboardController))
 4 SYSTEMPATH\CodeIgniter.php(366): CodeIgniter\CodeIgniter->handleRequest(null, Object(Config\Cache), false)
 5 FCPATH\index.php(67): CodeIgniter\CodeIgniter->run()
ERROR - 2023-07-18 09:18:20 --> mysqli_sql_exception: Unknown column 'teacher_id' in 'where clause' in C:\xampp\htdocs\sms\system\Database\MySQLi\Connection.php:295
Stack trace:
#0 C:\xampp\htdocs\sms\system\Database\MySQLi\Connection.php(295): mysqli->query('DELETE FROM `te...', 0)
#1 C:\xampp\htdocs\sms\system\Database\BaseConnection.php(692): CodeIgniter\Database\MySQLi\Connection->execute('DELETE FROM `te...')
#2 C:\xampp\htdocs\sms\system\Database\BaseConnection.php(606): CodeIgniter\Database\BaseConnection->simpleQuery('DELETE FROM `te...')
#3 C:\xampp\htdocs\sms\system\Database\BaseBuilder.php(2791): CodeIgniter\Database\BaseConnection->query('DELETE FROM `te...', Array, false)
#4 C:\xampp\htdocs\sms\system\Model.php(456): CodeIgniter\Database\BaseBuilder->delete()
#5 C:\xampp\htdocs\sms\system\BaseModel.php(1065): CodeIgniter\Model->doDelete(Array, false)
#6 C:\xampp\htdocs\sms\app\Models\TeacherModel.php(54): CodeIgniter\BaseModel->delete(Array)
#7 C:\xampp\htdocs\sms\app\Controllers\AdminDashboardController.php(136): App\Models\TeacherModel->deleteTeacher('ag@gmail.com')
#8 C:\xampp\htdocs\sms\system\CodeIgniter.php(932): App\Controllers\AdminDashboardController->deleteTeacher('ag@gmail.com')
#9 C:\xampp\htdocs\sms\system\CodeIgniter.php(497): CodeIgniter\CodeIgniter->runController(Object(App\Controllers\AdminDashboardController))
#10 C:\xampp\htdocs\sms\system\CodeIgniter.php(366): CodeIgniter\CodeIgniter->handleRequest(NULL, Object(Config\Cache), false)
#11 C:\xampp\htdocs\sms\index.php(67): CodeIgniter\CodeIgniter->run()
#12 {main}
CRITICAL - 2023-07-18 09:18:20 --> Unknown column 'teacher_id' in 'where clause'
in SYSTEMPATH\Database\MySQLi\Connection.php on line 295.
 1 SYSTEMPATH\Database\MySQLi\Connection.php(295): mysqli->query('DELETE FROM `teachers`
WHERE `teacher_id` IN (\'ag@gmail.com\')', 0)
 2 SYSTEMPATH\Database\BaseConnection.php(692): CodeIgniter\Database\MySQLi\Connection->execute('DELETE FROM `teachers`
WHERE `teacher_id` IN (\'ag@gmail.com\')')
 3 SYSTEMPATH\Database\BaseConnection.php(606): CodeIgniter\Database\BaseConnection->simpleQuery('DELETE FROM `teachers`
WHERE `teacher_id` IN (\'ag@gmail.com\')')
 4 SYSTEMPATH\Database\BaseBuilder.php(2791): CodeIgniter\Database\BaseConnection->query('DELETE FROM `teachers`
WHERE `teacher_id` IN :teacher_id:', [...], false)
 5 SYSTEMPATH\Model.php(456): CodeIgniter\Database\BaseBuilder->delete()
 6 SYSTEMPATH\BaseModel.php(1065): CodeIgniter\Model->doDelete([...], false)
 7 APPPATH\Models\TeacherModel.php(54): CodeIgniter\BaseModel->delete([...])
 8 APPPATH\Controllers\AdminDashboardController.php(136): App\Models\TeacherModel->deleteTeacher('ag@gmail.com')
 9 SYSTEMPATH\CodeIgniter.php(932): App\Controllers\AdminDashboardController->deleteTeacher('ag@gmail.com')
10 SYSTEMPATH\CodeIgniter.php(497): CodeIgniter\CodeIgniter->runController(Object(App\Controllers\AdminDashboardController))
11 SYSTEMPATH\CodeIgniter.php(366): CodeIgniter\CodeIgniter->handleRequest(null, Object(Config\Cache), false)
12 FCPATH\index.php(67): CodeIgniter\CodeIgniter->run()
ERROR - 2023-07-18 09:18:50 --> mysqli_sql_exception: Unknown column 'teacher_id' in 'where clause' in C:\xampp\htdocs\sms\system\Database\MySQLi\Connection.php:295
Stack trace:
#0 C:\xampp\htdocs\sms\system\Database\MySQLi\Connection.php(295): mysqli->query('DELETE FROM `te...', 0)
#1 C:\xampp\htdocs\sms\system\Database\BaseConnection.php(692): CodeIgniter\Database\MySQLi\Connection->execute('DELETE FROM `te...')
#2 C:\xampp\htdocs\sms\system\Database\BaseConnection.php(606): CodeIgniter\Database\BaseConnection->simpleQuery('DELETE FROM `te...')
#3 C:\xampp\htdocs\sms\system\Database\BaseBuilder.php(2791): CodeIgniter\Database\BaseConnection->query('DELETE FROM `te...', Array, false)
#4 C:\xampp\htdocs\sms\system\Model.php(456): CodeIgniter\Database\BaseBuilder->delete()
#5 C:\xampp\htdocs\sms\system\BaseModel.php(1065): CodeIgniter\Model->doDelete(Array, false)
#6 C:\xampp\htdocs\sms\app\Models\TeacherModel.php(54): CodeIgniter\BaseModel->delete(Array)
#7 C:\xampp\htdocs\sms\app\Controllers\AdminDashboardController.php(136): App\Models\TeacherModel->deleteTeacher('fl@gmail.com')
#8 C:\xampp\htdocs\sms\system\CodeIgniter.php(932): App\Controllers\AdminDashboardController->deleteTeacher('fl@gmail.com')
#9 C:\xampp\htdocs\sms\system\CodeIgniter.php(497): CodeIgniter\CodeIgniter->runController(Object(App\Controllers\AdminDashboardController))
#10 C:\xampp\htdocs\sms\system\CodeIgniter.php(366): CodeIgniter\CodeIgniter->handleRequest(NULL, Object(Config\Cache), false)
#11 C:\xampp\htdocs\sms\index.php(67): CodeIgniter\CodeIgniter->run()
#12 {main}
CRITICAL - 2023-07-18 09:18:50 --> Unknown column 'teacher_id' in 'where clause'
in SYSTEMPATH\Database\MySQLi\Connection.php on line 295.
 1 SYSTEMPATH\Database\MySQLi\Connection.php(295): mysqli->query('DELETE FROM `teachers`
WHERE `teacher_id` IN (\'fl@gmail.com\')', 0)
 2 SYSTEMPATH\Database\BaseConnection.php(692): CodeIgniter\Database\MySQLi\Connection->execute('DELETE FROM `teachers`
WHERE `teacher_id` IN (\'fl@gmail.com\')')
 3 SYSTEMPATH\Database\BaseConnection.php(606): CodeIgniter\Database\BaseConnection->simpleQuery('DELETE FROM `teachers`
WHERE `teacher_id` IN (\'fl@gmail.com\')')
 4 SYSTEMPATH\Database\BaseBuilder.php(2791): CodeIgniter\Database\BaseConnection->query('DELETE FROM `teachers`
WHERE `teacher_id` IN :teacher_id:', [...], false)
 5 SYSTEMPATH\Model.php(456): CodeIgniter\Database\BaseBuilder->delete()
 6 SYSTEMPATH\BaseModel.php(1065): CodeIgniter\Model->doDelete([...], false)
 7 APPPATH\Models\TeacherModel.php(54): CodeIgniter\BaseModel->delete([...])
 8 APPPATH\Controllers\AdminDashboardController.php(136): App\Models\TeacherModel->deleteTeacher('fl@gmail.com')
 9 SYSTEMPATH\CodeIgniter.php(932): App\Controllers\AdminDashboardController->deleteTeacher('fl@gmail.com')
10 SYSTEMPATH\CodeIgniter.php(497): CodeIgniter\CodeIgniter->runController(Object(App\Controllers\AdminDashboardController))
11 SYSTEMPATH\CodeIgniter.php(366): CodeIgniter\CodeIgniter->handleRequest(null, Object(Config\Cache), false)
12 FCPATH\index.php(67): CodeIgniter\CodeIgniter->run()
ERROR - 2023-07-18 09:19:11 --> mysqli_sql_exception: Unknown column 'teacher_id' in 'where clause' in C:\xampp\htdocs\sms\system\Database\MySQLi\Connection.php:295
Stack trace:
#0 C:\xampp\htdocs\sms\system\Database\MySQLi\Connection.php(295): mysqli->query('DELETE FROM `te...', 0)
#1 C:\xampp\htdocs\sms\system\Database\BaseConnection.php(692): CodeIgniter\Database\MySQLi\Connection->execute('DELETE FROM `te...')
#2 C:\xampp\htdocs\sms\system\Database\BaseConnection.php(606): CodeIgniter\Database\BaseConnection->simpleQuery('DELETE FROM `te...')
#3 C:\xampp\htdocs\sms\system\Database\BaseBuilder.php(2791): CodeIgniter\Database\BaseConnection->query('DELETE FROM `te...', Array, false)
#4 C:\xampp\htdocs\sms\system\Model.php(456): CodeIgniter\Database\BaseBuilder->delete()
#5 C:\xampp\htdocs\sms\system\BaseModel.php(1065): CodeIgniter\Model->doDelete(Array, false)
#6 C:\xampp\htdocs\sms\app\Models\TeacherModel.php(54): CodeIgniter\BaseModel->delete(Array)
#7 C:\xampp\htdocs\sms\app\Controllers\AdminDashboardController.php(136): App\Models\TeacherModel->deleteTeacher('fl@gmail.com')
#8 C:\xampp\htdocs\sms\system\CodeIgniter.php(932): App\Controllers\AdminDashboardController->deleteTeacher('fl@gmail.com')
#9 C:\xampp\htdocs\sms\system\CodeIgniter.php(497): CodeIgniter\CodeIgniter->runController(Object(App\Controllers\AdminDashboardController))
#10 C:\xampp\htdocs\sms\system\CodeIgniter.php(366): CodeIgniter\CodeIgniter->handleRequest(NULL, Object(Config\Cache), false)
#11 C:\xampp\htdocs\sms\index.php(67): CodeIgniter\CodeIgniter->run()
#12 {main}
CRITICAL - 2023-07-18 09:19:11 --> Unknown column 'teacher_id' in 'where clause'
in SYSTEMPATH\Database\MySQLi\Connection.php on line 295.
 1 SYSTEMPATH\Database\MySQLi\Connection.php(295): mysqli->query('DELETE FROM `teachers`
WHERE `teacher_id` IN (\'fl@gmail.com\')', 0)
 2 SYSTEMPATH\Database\BaseConnection.php(692): CodeIgniter\Database\MySQLi\Connection->execute('DELETE FROM `teachers`
WHERE `teacher_id` IN (\'fl@gmail.com\')')
 3 SYSTEMPATH\Database\BaseConnection.php(606): CodeIgniter\Database\BaseConnection->simpleQuery('DELETE FROM `teachers`
WHERE `teacher_id` IN (\'fl@gmail.com\')')
 4 SYSTEMPATH\Database\BaseBuilder.php(2791): CodeIgniter\Database\BaseConnection->query('DELETE FROM `teachers`
WHERE `teacher_id` IN :teacher_id:', [...], false)
 5 SYSTEMPATH\Model.php(456): CodeIgniter\Database\BaseBuilder->delete()
 6 SYSTEMPATH\BaseModel.php(1065): CodeIgniter\Model->doDelete([...], false)
 7 APPPATH\Models\TeacherModel.php(54): CodeIgniter\BaseModel->delete([...])
 8 APPPATH\Controllers\AdminDashboardController.php(136): App\Models\TeacherModel->deleteTeacher('fl@gmail.com')
 9 SYSTEMPATH\CodeIgniter.php(932): App\Controllers\AdminDashboardController->deleteTeacher('fl@gmail.com')
10 SYSTEMPATH\CodeIgniter.php(497): CodeIgniter\CodeIgniter->runController(Object(App\Controllers\AdminDashboardController))
11 SYSTEMPATH\CodeIgniter.php(366): CodeIgniter\CodeIgniter->handleRequest(null, Object(Config\Cache), false)
12 FCPATH\index.php(67): CodeIgniter\CodeIgniter->run()
ERROR - 2023-07-18 09:19:16 --> mysqli_sql_exception: Unknown column 'teacher_id' in 'where clause' in C:\xampp\htdocs\sms\system\Database\MySQLi\Connection.php:295
Stack trace:
#0 C:\xampp\htdocs\sms\system\Database\MySQLi\Connection.php(295): mysqli->query('DELETE FROM `te...', 0)
#1 C:\xampp\htdocs\sms\system\Database\BaseConnection.php(692): CodeIgniter\Database\MySQLi\Connection->execute('DELETE FROM `te...')
#2 C:\xampp\htdocs\sms\system\Database\BaseConnection.php(606): CodeIgniter\Database\BaseConnection->simpleQuery('DELETE FROM `te...')
#3 C:\xampp\htdocs\sms\system\Database\BaseBuilder.php(2791): CodeIgniter\Database\BaseConnection->query('DELETE FROM `te...', Array, false)
#4 C:\xampp\htdocs\sms\system\Model.php(456): CodeIgniter\Database\BaseBuilder->delete()
#5 C:\xampp\htdocs\sms\system\BaseModel.php(1065): CodeIgniter\Model->doDelete(Array, false)
#6 C:\xampp\htdocs\sms\app\Models\TeacherModel.php(54): CodeIgniter\BaseModel->delete(Array)
#7 C:\xampp\htdocs\sms\app\Controllers\AdminDashboardController.php(136): App\Models\TeacherModel->deleteTeacher('fl@gmail.com')
#8 C:\xampp\htdocs\sms\system\CodeIgniter.php(932): App\Controllers\AdminDashboardController->deleteTeacher('fl@gmail.com')
#9 C:\xampp\htdocs\sms\system\CodeIgniter.php(497): CodeIgniter\CodeIgniter->runController(Object(App\Controllers\AdminDashboardController))
#10 C:\xampp\htdocs\sms\system\CodeIgniter.php(366): CodeIgniter\CodeIgniter->handleRequest(NULL, Object(Config\Cache), false)
#11 C:\xampp\htdocs\sms\index.php(67): CodeIgniter\CodeIgniter->run()
#12 {main}
CRITICAL - 2023-07-18 09:19:16 --> Unknown column 'teacher_id' in 'where clause'
in SYSTEMPATH\Database\MySQLi\Connection.php on line 295.
 1 SYSTEMPATH\Database\MySQLi\Connection.php(295): mysqli->query('DELETE FROM `teachers`
WHERE `teacher_id` IN (\'fl@gmail.com\')', 0)
 2 SYSTEMPATH\Database\BaseConnection.php(692): CodeIgniter\Database\MySQLi\Connection->execute('DELETE FROM `teachers`
WHERE `teacher_id` IN (\'fl@gmail.com\')')
 3 SYSTEMPATH\Database\BaseConnection.php(606): CodeIgniter\Database\BaseConnection->simpleQuery('DELETE FROM `teachers`
WHERE `teacher_id` IN (\'fl@gmail.com\')')
 4 SYSTEMPATH\Database\BaseBuilder.php(2791): CodeIgniter\Database\BaseConnection->query('DELETE FROM `teachers`
WHERE `teacher_id` IN :teacher_id:', [...], false)
 5 SYSTEMPATH\Model.php(456): CodeIgniter\Database\BaseBuilder->delete()
 6 SYSTEMPATH\BaseModel.php(1065): CodeIgniter\Model->doDelete([...], false)
 7 APPPATH\Models\TeacherModel.php(54): CodeIgniter\BaseModel->delete([...])
 8 APPPATH\Controllers\AdminDashboardController.php(136): App\Models\TeacherModel->deleteTeacher('fl@gmail.com')
 9 SYSTEMPATH\CodeIgniter.php(932): App\Controllers\AdminDashboardController->deleteTeacher('fl@gmail.com')
10 SYSTEMPATH\CodeIgniter.php(497): CodeIgniter\CodeIgniter->runController(Object(App\Controllers\AdminDashboardController))
11 SYSTEMPATH\CodeIgniter.php(366): CodeIgniter\CodeIgniter->handleRequest(null, Object(Config\Cache), false)
12 FCPATH\index.php(67): CodeIgniter\CodeIgniter->run()
CRITICAL - 2023-07-18 09:22:43 --> Invalid file: "admin/delete_teacher.php"
in SYSTEMPATH\Exceptions\FrameworkException.php on line 33.
 1 SYSTEMPATH\View\View.php(212): CodeIgniter\Exceptions\FrameworkException::forInvalidFile('admin/delete_teacher.php')
 2 SYSTEMPATH\Common.php(1180): CodeIgniter\View\View->render('admin/delete_teacher', [], true)
 3 APPPATH\Controllers\AdminDashboardController.php(141): view('admin/delete_teacher', [...])
 4 SYSTEMPATH\CodeIgniter.php(932): App\Controllers\AdminDashboardController->deleteTeacher('fl@gmail.com')
 5 SYSTEMPATH\CodeIgniter.php(497): CodeIgniter\CodeIgniter->runController(Object(App\Controllers\AdminDashboardController))
 6 SYSTEMPATH\CodeIgniter.php(366): CodeIgniter\CodeIgniter->handleRequest(null, Object(Config\Cache), false)
 7 FCPATH\index.php(67): CodeIgniter\CodeIgniter->run()
CRITICAL - 2023-07-18 09:33:02 --> Call to undefined method App\Models\TeacherModel::getTeacherById
in SYSTEMPATH\Model.php on line 838.
 1 APPPATH\Controllers\AdminDashboardController.php(124): CodeIgniter\Model->__call('getTeacherById', [...])
 2 SYSTEMPATH\CodeIgniter.php(932): App\Controllers\AdminDashboardController->editTeacher('ag@gmail.com')
 3 SYSTEMPATH\CodeIgniter.php(497): CodeIgniter\CodeIgniter->runController(Object(App\Controllers\AdminDashboardController))
 4 SYSTEMPATH\CodeIgniter.php(366): CodeIgniter\CodeIgniter->handleRequest(null, Object(Config\Cache), false)
 5 FCPATH\index.php(67): CodeIgniter\CodeIgniter->run()
ERROR - 2023-07-18 09:40:47 --> mysqli_sql_exception: Unknown column 'teachers.teacher_id' in 'where clause' in C:\xampp\htdocs\sms\system\Database\MySQLi\Connection.php:295
Stack trace:
#0 C:\xampp\htdocs\sms\system\Database\MySQLi\Connection.php(295): mysqli->query('UPDATE `teacher...', 0)
#1 C:\xampp\htdocs\sms\system\Database\BaseConnection.php(692): CodeIgniter\Database\MySQLi\Connection->execute('UPDATE `teacher...')
#2 C:\xampp\htdocs\sms\system\Database\BaseConnection.php(606): CodeIgniter\Database\BaseConnection->simpleQuery('UPDATE `teacher...')
#3 C:\xampp\htdocs\sms\system\Database\BaseBuilder.php(2476): CodeIgniter\Database\BaseConnection->query('UPDATE `teacher...', Array, false)
#4 C:\xampp\htdocs\sms\system\Model.php(396): CodeIgniter\Database\BaseBuilder->update()
#5 C:\xampp\htdocs\sms\system\BaseModel.php(943): CodeIgniter\Model->doUpdate(Array, Array)
#6 C:\xampp\htdocs\sms\system\Model.php(756): CodeIgniter\BaseModel->update(Array, Array)
#7 C:\xampp\htdocs\sms\app\Models\TeacherModel.php(54): CodeIgniter\Model->update('ag@gmail.com', Array)
#8 C:\xampp\htdocs\sms\app\Controllers\AdminDashboardController.php(141): App\Models\TeacherModel->updateTeacher('ag@gmail.com', Array)
#9 C:\xampp\htdocs\sms\system\CodeIgniter.php(932): App\Controllers\AdminDashboardController->editTeacher('ag@gmail.com')
#10 C:\xampp\htdocs\sms\system\CodeIgniter.php(497): CodeIgniter\CodeIgniter->runController(Object(App\Controllers\AdminDashboardController))
#11 C:\xampp\htdocs\sms\system\CodeIgniter.php(366): CodeIgniter\CodeIgniter->handleRequest(NULL, Object(Config\Cache), false)
#12 C:\xampp\htdocs\sms\index.php(67): CodeIgniter\CodeIgniter->run()
#13 {main}
CRITICAL - 2023-07-18 09:40:47 --> Unknown column 'teachers.teacher_id' in 'where clause'
in SYSTEMPATH\Database\MySQLi\Connection.php on line 295.
 1 SYSTEMPATH\Database\MySQLi\Connection.php(295): mysqli->query('UPDATE `teachers` SET `first_name` = \'adesh\', `last_name` = \'g\', `email` = \'ag@gmail.com\', `course` = \'phy\'
WHERE `teachers`.`teacher_id` IN (\'ag@gmail.com\')', 0)
 2 SYSTEMPATH\Database\BaseConnection.php(692): CodeIgniter\Database\MySQLi\Connection->execute('UPDATE `teachers` SET `first_name` = \'adesh\', `last_name` = \'g\', `email` = \'ag@gmail.com\', `course` = \'phy\'
WHERE `teachers`.`teacher_id` IN (\'ag@gmail.com\')')
 3 SYSTEMPATH\Database\BaseConnection.php(606): CodeIgniter\Database\BaseConnection->simpleQuery('UPDATE `teachers` SET `first_name` = \'adesh\', `last_name` = \'g\', `email` = \'ag@gmail.com\', `course` = \'phy\'
WHERE `teachers`.`teacher_id` IN (\'ag@gmail.com\')')
 4 SYSTEMPATH\Database\BaseBuilder.php(2476): CodeIgniter\Database\BaseConnection->query('UPDATE `teachers` SET `first_name` = :first_name:, `last_name` = :last_name:, `email` = :email:, `course` = :course:
WHERE `teachers`.`teacher_id` IN :teachers.teacher_id:', [...], false)
 5 SYSTEMPATH\Model.php(396): CodeIgniter\Database\BaseBuilder->update()
 6 SYSTEMPATH\BaseModel.php(943): CodeIgniter\Model->doUpdate([...], [...])
 7 SYSTEMPATH\Model.php(756): CodeIgniter\BaseModel->update([...], [...])
 8 APPPATH\Models\TeacherModel.php(54): CodeIgniter\Model->update('ag@gmail.com', [...])
 9 APPPATH\Controllers\AdminDashboardController.php(141): App\Models\TeacherModel->updateTeacher('ag@gmail.com', [...])
10 SYSTEMPATH\CodeIgniter.php(932): App\Controllers\AdminDashboardController->editTeacher('ag@gmail.com')
11 SYSTEMPATH\CodeIgniter.php(497): CodeIgniter\CodeIgniter->runController(Object(App\Controllers\AdminDashboardController))
12 SYSTEMPATH\CodeIgniter.php(366): CodeIgniter\CodeIgniter->handleRequest(null, Object(Config\Cache), false)
13 FCPATH\index.php(67): CodeIgniter\CodeIgniter->run()
ERROR - 2023-07-18 09:43:51 --> mysqli_sql_exception: Unknown column 'teachers.teacher_id' in 'where clause' in C:\xampp\htdocs\sms\system\Database\MySQLi\Connection.php:295
Stack trace:
#0 C:\xampp\htdocs\sms\system\Database\MySQLi\Connection.php(295): mysqli->query('UPDATE `teacher...', 0)
#1 C:\xampp\htdocs\sms\system\Database\BaseConnection.php(692): CodeIgniter\Database\MySQLi\Connection->execute('UPDATE `teacher...')
#2 C:\xampp\htdocs\sms\system\Database\BaseConnection.php(606): CodeIgniter\Database\BaseConnection->simpleQuery('UPDATE `teacher...')
#3 C:\xampp\htdocs\sms\system\Database\BaseBuilder.php(2476): CodeIgniter\Database\BaseConnection->query('UPDATE `teacher...', Array, false)
#4 C:\xampp\htdocs\sms\system\Model.php(396): CodeIgniter\Database\BaseBuilder->update()
#5 C:\xampp\htdocs\sms\system\BaseModel.php(943): CodeIgniter\Model->doUpdate(Array, Array)
#6 C:\xampp\htdocs\sms\system\Model.php(756): CodeIgniter\BaseModel->update(Array, Array)
#7 C:\xampp\htdocs\sms\app\Models\TeacherModel.php(54): CodeIgniter\Model->update('ag@gmail.com', Array)
#8 C:\xampp\htdocs\sms\app\Controllers\AdminDashboardController.php(141): App\Models\TeacherModel->updateTeacher('ag@gmail.com', Array)
#9 C:\xampp\htdocs\sms\system\CodeIgniter.php(932): App\Controllers\AdminDashboardController->editTeacher('ag@gmail.com')
#10 C:\xampp\htdocs\sms\system\CodeIgniter.php(497): CodeIgniter\CodeIgniter->runController(Object(App\Controllers\AdminDashboardController))
#11 C:\xampp\htdocs\sms\system\CodeIgniter.php(366): CodeIgniter\CodeIgniter->handleRequest(NULL, Object(Config\Cache), false)
#12 C:\xampp\htdocs\sms\index.php(67): CodeIgniter\CodeIgniter->run()
#13 {main}
CRITICAL - 2023-07-18 09:43:51 --> Unknown column 'teachers.teacher_id' in 'where clause'
in SYSTEMPATH\Database\MySQLi\Connection.php on line 295.
 1 SYSTEMPATH\Database\MySQLi\Connection.php(295): mysqli->query('UPDATE `teachers` SET `first_name` = \'a\', `last_name` = \'g\', `email` = \'ag@gmail.com\', `course` = \'phy\'
WHERE `teachers`.`teacher_id` IN (\'ag@gmail.com\')', 0)
 2 SYSTEMPATH\Database\BaseConnection.php(692): CodeIgniter\Database\MySQLi\Connection->execute('UPDATE `teachers` SET `first_name` = \'a\', `last_name` = \'g\', `email` = \'ag@gmail.com\', `course` = \'phy\'
WHERE `teachers`.`teacher_id` IN (\'ag@gmail.com\')')
 3 SYSTEMPATH\Database\BaseConnection.php(606): CodeIgniter\Database\BaseConnection->simpleQuery('UPDATE `teachers` SET `first_name` = \'a\', `last_name` = \'g\', `email` = \'ag@gmail.com\', `course` = \'phy\'
WHERE `teachers`.`teacher_id` IN (\'ag@gmail.com\')')
 4 SYSTEMPATH\Database\BaseBuilder.php(2476): CodeIgniter\Database\BaseConnection->query('UPDATE `teachers` SET `first_name` = :first_name:, `last_name` = :last_name:, `email` = :email:, `course` = :course:
WHERE `teachers`.`teacher_id` IN :teachers.teacher_id:', [...], false)
 5 SYSTEMPATH\Model.php(396): CodeIgniter\Database\BaseBuilder->update()
 6 SYSTEMPATH\BaseModel.php(943): CodeIgniter\Model->doUpdate([...], [...])
 7 SYSTEMPATH\Model.php(756): CodeIgniter\BaseModel->update([...], [...])
 8 APPPATH\Models\TeacherModel.php(54): CodeIgniter\Model->update('ag@gmail.com', [...])
 9 APPPATH\Controllers\AdminDashboardController.php(141): App\Models\TeacherModel->updateTeacher('ag@gmail.com', [...])
10 SYSTEMPATH\CodeIgniter.php(932): App\Controllers\AdminDashboardController->editTeacher('ag@gmail.com')
11 SYSTEMPATH\CodeIgniter.php(497): CodeIgniter\CodeIgniter->runController(Object(App\Controllers\AdminDashboardController))
12 SYSTEMPATH\CodeIgniter.php(366): CodeIgniter\CodeIgniter->handleRequest(null, Object(Config\Cache), false)
13 FCPATH\index.php(67): CodeIgniter\CodeIgniter->run()
INFO - 2023-07-18 10:03:29 --> Session: Class initialized using 'CodeIgniter\Session\Handlers\FileHandler' driver.
ERROR - 2023-07-18 10:04:36 --> mysqli_sql_exception: Duplicate entry 'sachin@gmail.com' for key 'PRIMARY' in C:\xampp\htdocs\sms\system\Database\MySQLi\Connection.php:295
Stack trace:
#0 C:\xampp\htdocs\sms\system\Database\MySQLi\Connection.php(295): mysqli->query('INSERT INTO `te...', 0)
#1 C:\xampp\htdocs\sms\system\Database\BaseConnection.php(692): CodeIgniter\Database\MySQLi\Connection->execute('INSERT INTO `te...')
#2 C:\xampp\htdocs\sms\system\Database\BaseConnection.php(606): CodeIgniter\Database\BaseConnection->simpleQuery('INSERT INTO `te...')
#3 C:\xampp\htdocs\sms\system\Database\BaseBuilder.php(1801): CodeIgniter\Database\BaseConnection->query('INSERT INTO `te...', NULL, false)
#4 C:\xampp\htdocs\sms\system\Database\BaseBuilder.php(2192): CodeIgniter\Database\BaseBuilder->batchExecute('_insertBatch', 100)
#5 C:\xampp\htdocs\sms\system\Model.php(364): CodeIgniter\Database\BaseBuilder->insertBatch(Array, NULL, 100)
#6 C:\xampp\htdocs\sms\system\BaseModel.php(874): CodeIgniter\Model->doInsertBatch(Array, NULL, 100, false)
#7 C:\xampp\htdocs\sms\app\Controllers\AdminDashboardController.php(292): CodeIgniter\BaseModel->insertBatch(Array)
#8 C:\xampp\htdocs\sms\system\CodeIgniter.php(932): App\Controllers\AdminDashboardController->teacherImport()
#9 C:\xampp\htdocs\sms\system\CodeIgniter.php(497): CodeIgniter\CodeIgniter->runController(Object(App\Controllers\AdminDashboardController))
#10 C:\xampp\htdocs\sms\system\CodeIgniter.php(366): CodeIgniter\CodeIgniter->handleRequest(NULL, Object(Config\Cache), false)
#11 C:\xampp\htdocs\sms\index.php(67): CodeIgniter\CodeIgniter->run()
#12 {main}
CRITICAL - 2023-07-18 10:04:36 --> Duplicate entry 'sachin@gmail.com' for key 'PRIMARY'
in SYSTEMPATH\Database\MySQLi\Connection.php on line 295.
 1 SYSTEMPATH\Database\MySQLi\Connection.php(295): mysqli->query('INSERT INTO `teachers` (`address`, `course`, `email`, `first_name`, `gender`, `last_name`)
VALUES (\'Delhi\\r\',\'DAA\',\'sachin@gmail.com\',\'sachin\',\'Male\',\'kumar\')', 0)
 2 SYSTEMPATH\Database\BaseConnection.php(692): CodeIgniter\Database\MySQLi\Connection->execute('INSERT INTO `teachers` (`address`, `course`, `email`, `first_name`, `gender`, `last_name`)
VALUES (\'Delhi\\r\',\'DAA\',\'sachin@gmail.com\',\'sachin\',\'Male\',\'kumar\')')
 3 SYSTEMPATH\Database\BaseConnection.php(606): CodeIgniter\Database\BaseConnection->simpleQuery('INSERT INTO `teachers` (`address`, `course`, `email`, `first_name`, `gender`, `last_name`)
VALUES (\'Delhi\\r\',\'DAA\',\'sachin@gmail.com\',\'sachin\',\'Male\',\'kumar\')')
 4 SYSTEMPATH\Database\BaseBuilder.php(1801): CodeIgniter\Database\BaseConnection->query('INSERT INTO `teachers` (`address`, `course`, `email`, `first_name`, `gender`, `last_name`)
VALUES (\'Delhi\\r\',\'DAA\',\'sachin@gmail.com\',\'sachin\',\'Male\',\'kumar\')', null, false)
 5 SYSTEMPATH\Database\BaseBuilder.php(2192): CodeIgniter\Database\BaseBuilder->batchExecute('_insertBatch', 100)
 6 SYSTEMPATH\Model.php(364): CodeIgniter\Database\BaseBuilder->insertBatch([...], null, 100)
 7 SYSTEMPATH\BaseModel.php(874): CodeIgniter\Model->doInsertBatch([...], null, 100, false)
 8 APPPATH\Controllers\AdminDashboardController.php(292): CodeIgniter\BaseModel->insertBatch([...])
 9 SYSTEMPATH\CodeIgniter.php(932): App\Controllers\AdminDashboardController->teacherImport()
10 SYSTEMPATH\CodeIgniter.php(497): CodeIgniter\CodeIgniter->runController(Object(App\Controllers\AdminDashboardController))
11 SYSTEMPATH\CodeIgniter.php(366): CodeIgniter\CodeIgniter->handleRequest(null, Object(Config\Cache), false)
12 FCPATH\index.php(67): CodeIgniter\CodeIgniter->run()
INFO - 2023-07-18 10:43:30 --> Session: Class initialized using 'CodeIgniter\Session\Handlers\FileHandler' driver.
INFO - 2023-07-18 11:04:57 --> Session: Class initialized using 'CodeIgniter\Session\Handlers\FileHandler' driver.
INFO - 2023-07-18 11:05:10 --> Session: Class initialized using 'CodeIgniter\Session\Handlers\FileHandler' driver.
