INFO - 2023-07-17 17:20:34 --> Session: Class initialized using 'CodeIgniter\Session\Handlers\FileHandler' driver.
INFO - 2023-07-17 17:37:37 --> Session: Class initialized using 'CodeIgniter\Session\Handlers\FileHandler' driver.
INFO - 2023-07-17 17:37:45 --> Session: Class initialized using 'CodeIgniter\Session\Handlers\FileHandler' driver.
CRITICAL - 2023-07-17 17:37:45 --> Invalid file: "admin_dashboard.php"
in SYSTEMPATH\Exceptions\FrameworkException.php on line 33.
 1 SYSTEMPATH\View\View.php(212): CodeIgniter\Exceptions\FrameworkException::forInvalidFile('admin_dashboard.php')
 2 SYSTEMPATH\Common.php(1180): CodeIgniter\View\View->render('admin_dashboard', [], true)
 3 APPPATH\Controllers\AdminDashboardController.php(13): view('admin_dashboard')
 4 SYSTEMPATH\CodeIgniter.php(932): App\Controllers\AdminDashboardController->index()
 5 SYSTEMPATH\CodeIgniter.php(497): CodeIgniter\CodeIgniter->runController(Object(App\Controllers\AdminDashboardController))
 6 SYSTEMPATH\CodeIgniter.php(366): CodeIgniter\CodeIgniter->handleRequest(null, Object(Config\Cache), false)
 7 FCPATH\index.php(67): CodeIgniter\CodeIgniter->run()
INFO - 2023-07-17 17:39:41 --> Session: Class initialized using 'CodeIgniter\Session\Handlers\FileHandler' driver.
INFO - 2023-07-17 17:40:53 --> Session: Class initialized using 'CodeIgniter\Session\Handlers\FileHandler' driver.
CRITICAL - 2023-07-17 17:40:54 --> Invalid file: "admin_dashboard.php"
in SYSTEMPATH\Exceptions\FrameworkException.php on line 33.
 1 SYSTEMPATH\View\View.php(212): CodeIgniter\Exceptions\FrameworkException::forInvalidFile('admin_dashboard.php')
 2 SYSTEMPATH\Common.php(1180): CodeIgniter\View\View->render('admin_dashboard', [], true)
 3 APPPATH\Controllers\AdminDashboardController.php(13): view('admin_dashboard')
 4 SYSTEMPATH\CodeIgniter.php(932): App\Controllers\AdminDashboardController->index()
 5 SYSTEMPATH\CodeIgniter.php(497): CodeIgniter\CodeIgniter->runController(Object(App\Controllers\AdminDashboardController))
 6 SYSTEMPATH\CodeIgniter.php(366): CodeIgniter\CodeIgniter->handleRequest(null, Object(Config\Cache), false)
 7 FCPATH\index.php(67): CodeIgniter\CodeIgniter->run()
INFO - 2023-07-17 17:43:05 --> Session: Class initialized using 'CodeIgniter\Session\Handlers\FileHandler' driver.
CRITICAL - 2023-07-17 17:43:05 --> Invalid file: "admin_dashboard.php"
in SYSTEMPATH\Exceptions\FrameworkException.php on line 33.
 1 SYSTEMPATH\View\View.php(212): CodeIgniter\Exceptions\FrameworkException::forInvalidFile('admin_dashboard.php')
 2 SYSTEMPATH\Common.php(1180): CodeIgniter\View\View->render('admin_dashboard', [], true)
 3 APPPATH\Controllers\AdminDashboardController.php(13): view('admin_dashboard')
 4 SYSTEMPATH\CodeIgniter.php(932): App\Controllers\AdminDashboardController->index()
 5 SYSTEMPATH\CodeIgniter.php(497): CodeIgniter\CodeIgniter->runController(Object(App\Controllers\AdminDashboardController))
 6 SYSTEMPATH\CodeIgniter.php(366): CodeIgniter\CodeIgniter->handleRequest(null, Object(Config\Cache), false)
 7 FCPATH\index.php(67): CodeIgniter\CodeIgniter->run()
INFO - 2023-07-17 17:47:09 --> Session: Class initialized using 'CodeIgniter\Session\Handlers\FileHandler' driver.
CRITICAL - 2023-07-17 17:47:13 --> Invalid file: "admin/teachers_dashboard.php"
in SYSTEMPATH\Exceptions\FrameworkException.php on line 33.
 1 SYSTEMPATH\View\View.php(212): CodeIgniter\Exceptions\FrameworkException::forInvalidFile('admin/teachers_dashboard.php')
 2 SYSTEMPATH\Common.php(1180): CodeIgniter\View\View->render('admin/teachers_dashboard', [], true)
 3 APPPATH\Controllers\AdminDashboardController.php(23): view('admin/teachers_dashboard', [...])
 4 SYSTEMPATH\CodeIgniter.php(932): App\Controllers\AdminDashboardController->teachersDashboard()
 5 SYSTEMPATH\CodeIgniter.php(497): CodeIgniter\CodeIgniter->runController(Object(App\Controllers\AdminDashboardController))
 6 SYSTEMPATH\CodeIgniter.php(366): CodeIgniter\CodeIgniter->handleRequest(null, Object(Config\Cache), false)
 7 FCPATH\index.php(67): CodeIgniter\CodeIgniter->run()
CRITICAL - 2023-07-17 17:49:52 --> Invalid file: "admin/teachers_dashboard.php"
in SYSTEMPATH\Exceptions\FrameworkException.php on line 33.
 1 SYSTEMPATH\View\View.php(212): CodeIgniter\Exceptions\FrameworkException::forInvalidFile('admin/teachers_dashboard.php')
 2 SYSTEMPATH\Common.php(1180): CodeIgniter\View\View->render('admin/teachers_dashboard', [], true)
 3 APPPATH\Controllers\AdminDashboardController.php(23): view('admin/teachers_dashboard', [...])
 4 SYSTEMPATH\CodeIgniter.php(932): App\Controllers\AdminDashboardController->teachersDashboard()
 5 SYSTEMPATH\CodeIgniter.php(497): CodeIgniter\CodeIgniter->runController(Object(App\Controllers\AdminDashboardController))
 6 SYSTEMPATH\CodeIgniter.php(366): CodeIgniter\CodeIgniter->handleRequest(null, Object(Config\Cache), false)
 7 FCPATH\index.php(67): CodeIgniter\CodeIgniter->run()
CRITICAL - 2023-07-17 17:49:56 --> Invalid file: "admin/students_dashboard.php"
in SYSTEMPATH\Exceptions\FrameworkException.php on line 33.
 1 SYSTEMPATH\View\View.php(212): CodeIgniter\Exceptions\FrameworkException::forInvalidFile('admin/students_dashboard.php')
 2 SYSTEMPATH\Common.php(1180): CodeIgniter\View\View->render('admin/students_dashboard', [], true)
 3 APPPATH\Controllers\AdminDashboardController.php(33): view('admin/students_dashboard', [...])
 4 SYSTEMPATH\CodeIgniter.php(932): App\Controllers\AdminDashboardController->studentsDashboard()
 5 SYSTEMPATH\CodeIgniter.php(497): CodeIgniter\CodeIgniter->runController(Object(App\Controllers\AdminDashboardController))
 6 SYSTEMPATH\CodeIgniter.php(366): CodeIgniter\CodeIgniter->handleRequest(null, Object(Config\Cache), false)
 7 FCPATH\index.php(67): CodeIgniter\CodeIgniter->run()
CRITICAL - 2023-07-17 17:51:15 --> Invalid file: "admin/teachers_dashboard.php"
in SYSTEMPATH\Exceptions\FrameworkException.php on line 33.
 1 SYSTEMPATH\View\View.php(212): CodeIgniter\Exceptions\FrameworkException::forInvalidFile('admin/teachers_dashboard.php')
 2 SYSTEMPATH\Common.php(1180): CodeIgniter\View\View->render('admin/teachers_dashboard', [], true)
 3 APPPATH\Controllers\AdminDashboardController.php(23): view('admin/teachers_dashboard', [...])
 4 SYSTEMPATH\CodeIgniter.php(932): App\Controllers\AdminDashboardController->teachersDashboard()
 5 SYSTEMPATH\CodeIgniter.php(497): CodeIgniter\CodeIgniter->runController(Object(App\Controllers\AdminDashboardController))
 6 SYSTEMPATH\CodeIgniter.php(366): CodeIgniter\CodeIgniter->handleRequest(null, Object(Config\Cache), false)
 7 FCPATH\index.php(67): CodeIgniter\CodeIgniter->run()
