ERROR - 2023-07-11 18:56:28 --> Error connecting to the database: mysqli_sql_exception: Unknown database 'student' in C:\xampp\htdocs\sms\system\Database\MySQLi\Connection.php:173
Stack trace:
#0 C:\xampp\htdocs\sms\system\Database\MySQLi\Connection.php(173): mysqli->real_connect('localhost', 'root', Object(SensitiveParameterValue), 'student', 3306, '', 0)
#1 C:\xampp\htdocs\sms\system\Database\BaseConnection.php(391): CodeIgniter\Database\MySQLi\Connection->connect(false)
#2 C:\xampp\htdocs\sms\system\Database\BaseConnection.php(574): CodeIgniter\Database\BaseConnection->initialize()
#3 C:\xampp\htdocs\sms\system\Database\BaseBuilder.php(1616): CodeIgniter\Database\BaseConnection->query('SELECT *\nFROM `...', Array, false)
#4 C:\xampp\htdocs\sms\system\Model.php(241): CodeIgniter\Database\BaseBuilder->get()
#5 C:\xampp\htdocs\sms\system\BaseModel.php(618): CodeIgniter\Model->doFindAll(0, 0)
#6 C:\xampp\htdocs\sms\app\Models\StudentModel.php(15): CodeIgniter\BaseModel->findAll()
#7 C:\xampp\htdocs\sms\app\Controllers\AdminDashboardController.php(14): App\Models\StudentModel->getAllStudents()
#8 C:\xampp\htdocs\sms\system\CodeIgniter.php(932): App\Controllers\AdminDashboardController->index()
#9 C:\xampp\htdocs\sms\system\CodeIgniter.php(497): CodeIgniter\CodeIgniter->runController(Object(App\Controllers\AdminDashboardController))
#10 C:\xampp\htdocs\sms\system\CodeIgniter.php(366): CodeIgniter\CodeIgniter->handleRequest(NULL, Object(Config\Cache), false)
#11 C:\xampp\htdocs\sms\public\index.php(67): CodeIgniter\CodeIgniter->run()
#12 {main}

Next CodeIgniter\Database\Exceptions\DatabaseException: Unknown database 'student' in C:\xampp\htdocs\sms\system\Database\MySQLi\Connection.php:218
Stack trace:
#0 C:\xampp\htdocs\sms\system\Database\BaseConnection.php(391): CodeIgniter\Database\MySQLi\Connection->connect(false)
#1 C:\xampp\htdocs\sms\system\Database\BaseConnection.php(574): CodeIgniter\Database\BaseConnection->initialize()
#2 C:\xampp\htdocs\sms\system\Database\BaseBuilder.php(1616): CodeIgniter\Database\BaseConnection->query('SELECT *\nFROM `...', Array, false)
#3 C:\xampp\htdocs\sms\system\Model.php(241): CodeIgniter\Database\BaseBuilder->get()
#4 C:\xampp\htdocs\sms\system\BaseModel.php(618): CodeIgniter\Model->doFindAll(0, 0)
#5 C:\xampp\htdocs\sms\app\Models\StudentModel.php(15): CodeIgniter\BaseModel->findAll()
#6 C:\xampp\htdocs\sms\app\Controllers\AdminDashboardController.php(14): App\Models\StudentModel->getAllStudents()
#7 C:\xampp\htdocs\sms\system\CodeIgniter.php(932): App\Controllers\AdminDashboardController->index()
#8 C:\xampp\htdocs\sms\system\CodeIgniter.php(497): CodeIgniter\CodeIgniter->runController(Object(App\Controllers\AdminDashboardController))
#9 C:\xampp\htdocs\sms\system\CodeIgniter.php(366): CodeIgniter\CodeIgniter->handleRequest(NULL, Object(Config\Cache), false)
#10 C:\xampp\htdocs\sms\public\index.php(67): CodeIgniter\CodeIgniter->run()
#11 {main}
CRITICAL - 2023-07-11 18:56:28 --> Unable to connect to the database.
Main connection [MySQLi]: Unknown database 'student'
in SYSTEMPATH\Database\BaseConnection.php on line 427.
 1 SYSTEMPATH\Database\BaseConnection.php(574): CodeIgniter\Database\BaseConnection->initialize()
 2 SYSTEMPATH\Database\BaseBuilder.php(1616): CodeIgniter\Database\BaseConnection->query('SELECT *
FROM `students`', [], false)
 3 SYSTEMPATH\Model.php(241): CodeIgniter\Database\BaseBuilder->get()
 4 SYSTEMPATH\BaseModel.php(618): CodeIgniter\Model->doFindAll(0, 0)
 5 APPPATH\Models\StudentModel.php(15): CodeIgniter\BaseModel->findAll()
 6 APPPATH\Controllers\AdminDashboardController.php(14): App\Models\StudentModel->getAllStudents()
 7 SYSTEMPATH\CodeIgniter.php(932): App\Controllers\AdminDashboardController->index()
 8 SYSTEMPATH\CodeIgniter.php(497): CodeIgniter\CodeIgniter->runController(Object(App\Controllers\AdminDashboardController))
 9 SYSTEMPATH\CodeIgniter.php(366): CodeIgniter\CodeIgniter->handleRequest(null, Object(Config\Cache), false)
10 FCPATH\index.php(67): CodeIgniter\CodeIgniter->run()
